<?xml version="1.0" encoding="UTF-8"?>
<!-- Generated by org.testng.reporters.JUnitXMLReporter -->
<testsuite hostname="Deepshikhas-Air.fios-router.home" ignored="0" name="Rest API regression Test" tests="12" failures="0" timestamp="12 Mar 2021 21:56:06 GMT" time="12.968" errors="0">
  <testcase name="createUserAPIPOSTTest" time="4.428" classname="com.qa.api.gorest.tests.CreateUserTest"/>
  <testcase name="getAllUsersListAPITest" time="5.418" classname="com.qa.api.gorest.tests.GetUserTest"/>
  <testcase name="createUserWithFullJson" time="5.594" classname="com.qa.api.gorest.pojo.UserResult"/>
  <testcase name="getAccountBlockStatus" time="0.181" classname="com.qa.api.gorest.tests.GetImgurAPITest"/>
  <testcase name="getAccountImagesTest" time="0.21" classname="com.qa.api.gorest.tests.GetImgurAPITest"/>
  <testcase name="getUsersListWithQueryParamsAPITest" time="1.314" classname="com.qa.api.gorest.tests.GetUserTest"/>
  <testcase name="createUserAPIPOSTTest" time="1.394" classname="com.qa.api.gorest.tests.CreateUserTest"/>
  <testcase name="createUserAPIPOSTTest" time="1.55" classname="com.qa.api.gorest.tests.CreateUserTest"/>
  <testcase name="createUserAPIPOSTTest" time="1.583" classname="com.qa.api.gorest.tests.CreateUserTest"/>
  <testcase name="createUserAPIPOSTTest" time="1.425" classname="com.qa.api.gorest.tests.CreateUserTest"/>
  <testcase name="uploadImagePostAPITest" time="5.572" classname="com.qa.api.gorest.tests.GetImgurAPITest"/>
  <testcase name="random" time="1.44" classname="com.qa.api.gorest.tests.CreateUserTest"/>
</testsuite> <!-- Rest API regression Test -->
