<?xml version="1.0" encoding="UTF-8"?>
<!-- Generated by org.testng.reporters.JUnitXMLReporter -->
<testsuite hostname="Deepshikhas-Air.fios-router.home" ignored="0" name="Rest API regression Test" tests="12" failures="0" timestamp="12 Mar 2021 22:02:59 GMT" time="12.723" errors="0">
  <testcase name="createUserAPIPOSTTest" time="4.028" classname="com.qa.api.gorest.tests.CreateUserTest"/>
  <testcase name="getAllUsersListAPITest" time="4.827" classname="com.qa.api.gorest.tests.GetUserTest"/>
  <testcase name="createUserWithFullJson" time="4.924" classname="com.qa.api.gorest.pojo.UserResult"/>
  <testcase name="getAccountBlockStatus" time="0.185" classname="com.qa.api.gorest.tests.GetImgurAPITest"/>
  <testcase name="getAccountImagesTest" time="0.286" classname="com.qa.api.gorest.tests.GetImgurAPITest"/>
  <testcase name="createUserAPIPOSTTest" time="1.306" classname="com.qa.api.gorest.tests.CreateUserTest"/>
  <testcase name="getUsersListWithQueryParamsAPITest" time="1.369" classname="com.qa.api.gorest.tests.GetUserTest"/>
  <testcase name="createUserAPIPOSTTest" time="1.565" classname="com.qa.api.gorest.tests.CreateUserTest"/>
  <testcase name="createUserAPIPOSTTest" time="1.611" classname="com.qa.api.gorest.tests.CreateUserTest"/>
  <testcase name="createUserAPIPOSTTest" time="1.531" classname="com.qa.api.gorest.tests.CreateUserTest"/>
  <testcase name="uploadImagePostAPITest" time="4.313" classname="com.qa.api.gorest.tests.GetImgurAPITest"/>
  <testcase name="random" time="1.748" classname="com.qa.api.gorest.tests.CreateUserTest"/>
</testsuite> <!-- Rest API regression Test -->
