<?xml version="1.0" encoding="UTF-8"?>
<testng-results skipped="0" failed="0" ignored="0" total="12" passed="12">
  <reporter-output>
  </reporter-output>
  <suite name="Suite" duration-ms="12723" started-at="2021-03-12T22:02:47Z" finished-at="2021-03-12T22:02:59Z">
    <groups>
    </groups>
    <test name="Rest API regression Test" duration-ms="12723" started-at="2021-03-12T22:02:47Z" finished-at="2021-03-12T22:02:59Z">
      <class name="com.qa.api.gorest.pojo.UserResult">
        <test-method status="PASS" signature="createUserWithFullJson()[pri:0, instance:com.qa.api.gorest.pojo.UserResult@384ad17b]" name="createUserWithFullJson" duration-ms="4924" started-at="2021-03-12T22:02:47Z" finished-at="2021-03-12T22:02:52Z">
          <reporter-output>
          </reporter-output>
        </test-method> <!-- createUserWithFullJson -->
      </class> <!-- com.qa.api.gorest.pojo.UserResult -->
      <class name="com.qa.api.gorest.tests.CreateUserTest">
        <test-method status="PASS" signature="createUserAPIPOSTTest(java.lang.String, java.lang.String, java.lang.String, java.lang.String)[pri:0, instance:com.qa.api.gorest.tests.CreateUserTest@61862a7f]" name="createUserAPIPOSTTest" duration-ms="4028" started-at="2021-03-12T22:02:47Z" data-provider="userdata" finished-at="2021-03-12T22:02:52Z">
          <params>
            <param index="0">
              <value>
                <![CDATA[Geep]]>
              </value>
            </param>
            <param index="1">
              <value>
                <![CDATA[geep1243@gmail.com]]>
              </value>
            </param>
            <param index="2">
              <value>
                <![CDATA[Female]]>
              </value>
            </param>
            <param index="3">
              <value>
                <![CDATA[Active]]>
              </value>
            </param>
          </params>
          <reporter-output>
          </reporter-output>
        </test-method> <!-- createUserAPIPOSTTest -->
        <test-method status="PASS" signature="createUserAPIPOSTTest(java.lang.String, java.lang.String, java.lang.String, java.lang.String)[pri:0, instance:com.qa.api.gorest.tests.CreateUserTest@61862a7f]" name="createUserAPIPOSTTest" duration-ms="1306" started-at="2021-03-12T22:02:52Z" data-provider="userdata" finished-at="2021-03-12T22:02:53Z">
          <params>
            <param index="0">
              <value>
                <![CDATA[Jeep]]>
              </value>
            </param>
            <param index="1">
              <value>
                <![CDATA[jeep123@gmail.com]]>
              </value>
            </param>
            <param index="2">
              <value>
                <![CDATA[Male]]>
              </value>
            </param>
            <param index="3">
              <value>
                <![CDATA[Inactive]]>
              </value>
            </param>
          </params>
          <reporter-output>
          </reporter-output>
        </test-method> <!-- createUserAPIPOSTTest -->
        <test-method status="PASS" signature="createUserAPIPOSTTest(java.lang.String, java.lang.String, java.lang.String, java.lang.String)[pri:0, instance:com.qa.api.gorest.tests.CreateUserTest@61862a7f]" name="createUserAPIPOSTTest" duration-ms="1565" started-at="2021-03-12T22:02:53Z" data-provider="userdata" finished-at="2021-03-12T22:02:54Z">
          <params>
            <param index="0">
              <value>
                <![CDATA[Keep]]>
              </value>
            </param>
            <param index="1">
              <value>
                <![CDATA[keep123@gmail.com]]>
              </value>
            </param>
            <param index="2">
              <value>
                <![CDATA[Male]]>
              </value>
            </param>
            <param index="3">
              <value>
                <![CDATA[Inactive]]>
              </value>
            </param>
          </params>
          <reporter-output>
          </reporter-output>
        </test-method> <!-- createUserAPIPOSTTest -->
        <test-method status="PASS" signature="createUserAPIPOSTTest(java.lang.String, java.lang.String, java.lang.String, java.lang.String)[pri:0, instance:com.qa.api.gorest.tests.CreateUserTest@61862a7f]" name="createUserAPIPOSTTest" duration-ms="1611" started-at="2021-03-12T22:02:54Z" data-provider="userdata" finished-at="2021-03-12T22:02:56Z">
          <params>
            <param index="0">
              <value>
                <![CDATA[Sheep]]>
              </value>
            </param>
            <param index="1">
              <value>
                <![CDATA[sheep123@gmail.com]]>
              </value>
            </param>
            <param index="2">
              <value>
                <![CDATA[Female]]>
              </value>
            </param>
            <param index="3">
              <value>
                <![CDATA[Inactive]]>
              </value>
            </param>
          </params>
          <reporter-output>
          </reporter-output>
        </test-method> <!-- createUserAPIPOSTTest -->
        <test-method status="PASS" signature="createUserAPIPOSTTest(java.lang.String, java.lang.String, java.lang.String, java.lang.String)[pri:0, instance:com.qa.api.gorest.tests.CreateUserTest@61862a7f]" name="createUserAPIPOSTTest" duration-ms="1531" started-at="2021-03-12T22:02:56Z" data-provider="userdata" finished-at="2021-03-12T22:02:58Z">
          <params>
            <param index="0">
              <value>
                <![CDATA[Geek]]>
              </value>
            </param>
            <param index="1">
              <value>
                <![CDATA[geek123@gmail.com]]>
              </value>
            </param>
            <param index="2">
              <value>
                <![CDATA[Male]]>
              </value>
            </param>
            <param index="3">
              <value>
                <![CDATA[Aactive]]>
              </value>
            </param>
          </params>
          <reporter-output>
          </reporter-output>
        </test-method> <!-- createUserAPIPOSTTest -->
        <test-method status="PASS" signature="random()[pri:0, instance:com.qa.api.gorest.tests.CreateUserTest@61862a7f]" name="random" duration-ms="1748" started-at="2021-03-12T22:02:58Z" finished-at="2021-03-12T22:02:59Z">
          <reporter-output>
          </reporter-output>
        </test-method> <!-- random -->
      </class> <!-- com.qa.api.gorest.tests.CreateUserTest -->
      <class name="com.qa.api.gorest.tests.GetImgurAPITest">
        <test-method status="PASS" signature="setUp()[pri:0, instance:com.qa.api.gorest.tests.GetImgurAPITest@7334aada]" name="setUp" is-config="true" duration-ms="5280" started-at="2021-03-12T22:02:47Z" finished-at="2021-03-12T22:02:52Z">
          <reporter-output>
          </reporter-output>
        </test-method> <!-- setUp -->
        <test-method status="PASS" signature="getAccountBlockStatus()[pri:0, instance:com.qa.api.gorest.tests.GetImgurAPITest@7334aada]" name="getAccountBlockStatus" duration-ms="185" started-at="2021-03-12T22:02:52Z" finished-at="2021-03-12T22:02:52Z">
          <reporter-output>
          </reporter-output>
        </test-method> <!-- getAccountBlockStatus -->
        <test-method status="PASS" signature="setUp()[pri:0, instance:com.qa.api.gorest.tests.GetImgurAPITest@7334aada]" name="setUp" is-config="true" duration-ms="426" started-at="2021-03-12T22:02:52Z" finished-at="2021-03-12T22:02:53Z">
          <reporter-output>
          </reporter-output>
        </test-method> <!-- setUp -->
        <test-method status="PASS" signature="getAccountImagesTest()[pri:0, instance:com.qa.api.gorest.tests.GetImgurAPITest@7334aada]" name="getAccountImagesTest" duration-ms="286" started-at="2021-03-12T22:02:53Z" finished-at="2021-03-12T22:02:53Z">
          <reporter-output>
          </reporter-output>
        </test-method> <!-- getAccountImagesTest -->
        <test-method status="PASS" signature="setUp()[pri:0, instance:com.qa.api.gorest.tests.GetImgurAPITest@7334aada]" name="setUp" is-config="true" duration-ms="435" started-at="2021-03-12T22:02:53Z" finished-at="2021-03-12T22:02:53Z">
          <reporter-output>
          </reporter-output>
        </test-method> <!-- setUp -->
        <test-method status="PASS" signature="uploadImagePostAPITest()[pri:0, instance:com.qa.api.gorest.tests.GetImgurAPITest@7334aada]" name="uploadImagePostAPITest" duration-ms="4313" started-at="2021-03-12T22:02:53Z" finished-at="2021-03-12T22:02:58Z">
          <reporter-output>
          </reporter-output>
        </test-method> <!-- uploadImagePostAPITest -->
      </class> <!-- com.qa.api.gorest.tests.GetImgurAPITest -->
      <class name="com.qa.api.gorest.tests.GetUserTest">
        <test-method status="PASS" signature="getAllUsersListAPITest()[pri:0, instance:com.qa.api.gorest.tests.GetUserTest@441772e]" name="getAllUsersListAPITest" duration-ms="4827" started-at="2021-03-12T22:02:47Z" finished-at="2021-03-12T22:02:52Z">
          <reporter-output>
          </reporter-output>
        </test-method> <!-- getAllUsersListAPITest -->
        <test-method status="PASS" signature="getUsersListWithQueryParamsAPITest()[pri:0, instance:com.qa.api.gorest.tests.GetUserTest@441772e]" name="getUsersListWithQueryParamsAPITest" duration-ms="1369" started-at="2021-03-12T22:02:52Z" finished-at="2021-03-12T22:02:53Z">
          <reporter-output>
          </reporter-output>
        </test-method> <!-- getUsersListWithQueryParamsAPITest -->
      </class> <!-- com.qa.api.gorest.tests.GetUserTest -->
    </test> <!-- Rest API regression Test -->
  </suite> <!-- Suite -->
</testng-results>
